<?xml version="1.0" encoding="UTF-8"?>
<testsuite xmlns:xsi="http://www.w3.org/2001/XMLSchema-instance" xsi:noNamespaceSchemaLocation="https://maven.apache.org/surefire/maven-surefire-plugin/xsd/surefire-test-report.xsd" name="CT.AgencyPortal.AppTest" time="0.009" tests="1" errors="0" skipped="0" failures="0">
  <properties>
    <property name="sun.desktop" value="windows"/>
    <property name="awt.toolkit" value="sun.awt.windows.WToolkit"/>
    <property name="file.encoding.pkg" value="sun.io"/>
    <property name="java.specification.version" value="1.8"/>
    <property name="sun.cpu.isalist" value="amd64"/>
    <property name="sun.jnu.encoding" value="Cp1252"/>
    <property name="java.class.path" value="F:\New_AgencyPortal\AgencyPortal\acic-ap-automation\target\test-classes;F:\New_AgencyPortal\AgencyPortal\acic-ap-automation\target\classes;F:\AgencyPortalCT\.m2\repository\org\seleniumhq\selenium\selenium-java\3.141.59\selenium-java-3.141.59.jar;F:\AgencyPortalCT\.m2\repository\org\seleniumhq\selenium\selenium-chrome-driver\3.141.59\selenium-chrome-driver-3.141.59.jar;F:\AgencyPortalCT\.m2\repository\org\seleniumhq\selenium\selenium-edge-driver\3.141.59\selenium-edge-driver-3.141.59.jar;F:\AgencyPortalCT\.m2\repository\org\seleniumhq\selenium\selenium-firefox-driver\3.141.59\selenium-firefox-driver-3.141.59.jar;F:\AgencyPortalCT\.m2\repository\org\seleniumhq\selenium\selenium-ie-driver\3.141.59\selenium-ie-driver-3.141.59.jar;F:\AgencyPortalCT\.m2\repository\org\seleniumhq\selenium\selenium-opera-driver\3.141.59\selenium-opera-driver-3.141.59.jar;F:\AgencyPortalCT\.m2\repository\org\seleniumhq\selenium\selenium-remote-driver\3.141.59\selenium-remote-driver-3.141.59.jar;F:\AgencyPortalCT\.m2\repository\org\seleniumhq\selenium\selenium-safari-driver\3.141.59\selenium-safari-driver-3.141.59.jar;F:\AgencyPortalCT\.m2\repository\net\bytebuddy\byte-buddy\1.8.15\byte-buddy-1.8.15.jar;F:\AgencyPortalCT\.m2\repository\org\apache\commons\commons-exec\1.3\commons-exec-1.3.jar;F:\AgencyPortalCT\.m2\repository\com\google\guava\guava\25.0-jre\guava-25.0-jre.jar;F:\AgencyPortalCT\.m2\repository\com\google\code\findbugs\jsr305\1.3.9\jsr305-1.3.9.jar;F:\AgencyPortalCT\.m2\repository\org\checkerframework\checker-compat-qual\2.0.0\checker-compat-qual-2.0.0.jar;F:\AgencyPortalCT\.m2\repository\com\google\errorprone\error_prone_annotations\2.1.3\error_prone_annotations-2.1.3.jar;F:\AgencyPortalCT\.m2\repository\com\google\j2objc\j2objc-annotations\1.1\j2objc-annotations-1.1.jar;F:\AgencyPortalCT\.m2\repository\org\codehaus\mojo\animal-sniffer-annotations\1.14\animal-sniffer-annotations-1.14.jar;F:\AgencyPortalCT\.m2\repository\com\squareup\okhttp3\okhttp\3.11.0\okhttp-3.11.0.jar;F:\AgencyPortalCT\.m2\repository\com\squareup\okio\okio\1.14.0\okio-1.14.0.jar;F:\AgencyPortalCT\.m2\repository\org\seleniumhq\selenium\selenium-api\3.141.59\selenium-api-3.141.59.jar;F:\AgencyPortalCT\.m2\repository\org\seleniumhq\selenium\selenium-server\3.141.59\selenium-server-3.141.59.jar;F:\AgencyPortalCT\.m2\repository\com\beust\jcommander\1.72\jcommander-1.72.jar;F:\AgencyPortalCT\.m2\repository\net\jcip\jcip-annotations\1.0\jcip-annotations-1.0.jar;F:\AgencyPortalCT\.m2\repository\org\seleniumhq\selenium\jetty-repacked\9.4.12.v20180830\jetty-repacked-9.4.12.v20180830.jar;F:\AgencyPortalCT\.m2\repository\javax\servlet\javax.servlet-api\3.1.0\javax.servlet-api-3.1.0.jar;F:\AgencyPortalCT\.m2\repository\org\yaml\snakeyaml\1.19\snakeyaml-1.19.jar;F:\AgencyPortalCT\.m2\repository\org\seleniumhq\selenium\selenium-support\3.141.59\selenium-support-3.141.59.jar;F:\AgencyPortalCT\.m2\repository\io\cucumber\cucumber-java\6.9.0\cucumber-java-6.9.0.jar;F:\AgencyPortalCT\.m2\repository\org\apiguardian\apiguardian-api\1.1.0\apiguardian-api-1.1.0.jar;F:\AgencyPortalCT\.m2\repository\io\cucumber\cucumber-java8\6.9.0\cucumber-java8-6.9.0.jar;F:\AgencyPortalCT\.m2\repository\net\jodah\typetools\0.6.2\typetools-0.6.2.jar;F:\AgencyPortalCT\.m2\repository\io\cucumber\cucumber-junit\6.9.0\cucumber-junit-6.9.0.jar;F:\AgencyPortalCT\.m2\repository\io\cucumber\cucumber-core\6.9.0\cucumber-core-6.9.0.jar;F:\AgencyPortalCT\.m2\repository\io\cucumber\cucumber-gherkin\6.9.0\cucumber-gherkin-6.9.0.jar;F:\AgencyPortalCT\.m2\repository\io\cucumber\cucumber-gherkin-messages\6.9.0\cucumber-gherkin-messages-6.9.0.jar;F:\AgencyPortalCT\.m2\repository\io\cucumber\messages\13.2.0\messages-13.2.0.jar;F:\AgencyPortalCT\.m2\repository\io\cucumber\tag-expressions\3.0.0\tag-expressions-3.0.0.jar;F:\AgencyPortalCT\.m2\repository\io\cucumber\cucumber-expressions\10.3.0\cucumber-expressions-10.3.0.jar;F:\AgencyPortalCT\.m2\repository\io\cucumber\datatable\3.5.0\datatable-3.5.0.jar;F:\AgencyPortalCT\.m2\repository\io\cucumber\cucumber-plugin\6.9.0\cucumber-plugin-6.9.0.jar;F:\AgencyPortalCT\.m2\repository\io\cucumber\docstring\6.9.0\docstring-6.9.0.jar;F:\AgencyPortalCT\.m2\repository\io\cucumber\html-formatter\9.0.0\html-formatter-9.0.0.jar;F:\AgencyPortalCT\.m2\repository\io\cucumber\create-meta\2.0.4\create-meta-2.0.4.jar;F:\AgencyPortalCT\.m2\repository\io\cucumber\gherkin\15.0.2\gherkin-15.0.2.jar;F:\AgencyPortalCT\.m2\repository\io\cucumber\cucumber-picocontainer\6.9.0\cucumber-picocontainer-6.9.0.jar;F:\AgencyPortalCT\.m2\repository\org\picocontainer\picocontainer\2.15\picocontainer-2.15.jar;F:\AgencyPortalCT\.m2\repository\com\vimalselvam\cucumber-extentsreport\3.1.1\cucumber-extentsreport-3.1.1.jar;F:\AgencyPortalCT\.m2\repository\com\aventstack\extentreports\3.0.0\extentreports-3.0.0.jar;F:\AgencyPortalCT\.m2\repository\org\freemarker\freemarker\2.3.23\freemarker-2.3.23.jar;F:\AgencyPortalCT\.m2\repository\org\mongodb\mongodb-driver\3.3.0\mongodb-driver-3.3.0.jar;F:\AgencyPortalCT\.m2\repository\org\mongodb\bson\3.3.0\bson-3.3.0.jar;F:\AgencyPortalCT\.m2\repository\org\mongodb\mongodb-driver-core\3.3.0\mongodb-driver-core-3.3.0.jar;F:\AgencyPortalCT\.m2\repository\org\apache\httpcomponents\httpclient\4.5.2\httpclient-4.5.2.jar;F:\AgencyPortalCT\.m2\repository\org\apache\httpcomponents\httpcore\4.4.4\httpcore-4.4.4.jar;F:\AgencyPortalCT\.m2\repository\org\apache\httpcomponents\httpmime\4.5.2\httpmime-4.5.2.jar;F:\AgencyPortalCT\.m2\repository\junit\junit\4.13.1\junit-4.13.1.jar;F:\AgencyPortalCT\.m2\repository\org\hamcrest\hamcrest-core\1.3\hamcrest-core-1.3.jar;F:\AgencyPortalCT\.m2\repository\org\apache\logging\log4j\log4j-core\2.11.1\log4j-core-2.11.1.jar;F:\AgencyPortalCT\.m2\repository\org\apache\logging\log4j\log4j-api\2.11.1\log4j-api-2.11.1.jar;F:\AgencyPortalCT\.m2\repository\log4j\log4j\1.2.17\log4j-1.2.17.jar;F:\AgencyPortalCT\.m2\repository\org\apache\poi\poi\4.1.2\poi-4.1.2.jar;F:\AgencyPortalCT\.m2\repository\commons-codec\commons-codec\1.13\commons-codec-1.13.jar;F:\AgencyPortalCT\.m2\repository\org\apache\commons\commons-collections4\4.4\commons-collections4-4.4.jar;F:\AgencyPortalCT\.m2\repository\org\apache\commons\commons-math3\3.6.1\commons-math3-3.6.1.jar;F:\AgencyPortalCT\.m2\repository\com\zaxxer\SparseBitSet\1.2\SparseBitSet-1.2.jar;F:\AgencyPortalCT\.m2\repository\org\apache\poi\poi-ooxml\4.1.2\poi-ooxml-4.1.2.jar;F:\AgencyPortalCT\.m2\repository\org\apache\commons\commons-compress\1.19\commons-compress-1.19.jar;F:\AgencyPortalCT\.m2\repository\com\github\virtuald\curvesapi\1.06\curvesapi-1.06.jar;F:\AgencyPortalCT\.m2\repository\org\apache\poi\poi-ooxml-schemas\4.1.2\poi-ooxml-schemas-4.1.2.jar;F:\AgencyPortalCT\.m2\repository\org\apache\xmlbeans\xmlbeans\3.1.0\xmlbeans-3.1.0.jar;F:\AgencyPortalCT\.m2\repository\com\relevantcodes\extentreports\2.41.2\extentreports-2.41.2.jar;F:\AgencyPortalCT\.m2\repository\org\jsoup\jsoup\1.8.3\jsoup-1.8.3.jar;F:\AgencyPortalCT\.m2\repository\org\xerial\sqlite-jdbc\3.8.11.1\sqlite-jdbc-3.8.11.1.jar;F:\AgencyPortalCT\.m2\repository\org\apache\pdfbox\pdfbox\2.0.15\pdfbox-2.0.15.jar;F:\AgencyPortalCT\.m2\repository\org\apache\pdfbox\fontbox\2.0.15\fontbox-2.0.15.jar;F:\AgencyPortalCT\.m2\repository\commons-logging\commons-logging\1.2\commons-logging-1.2.jar;F:\AgencyPortalCT\.m2\repository\commons-io\commons-io\2.8.0\commons-io-2.8.0.jar;"/>
    <property name="java.vm.vendor" value="Oracle Corporation"/>
    <property name="sun.arch.data.model" value="64"/>
    <property name="user.variant" value=""/>
    <property name="java.vendor.url" value="http://java.oracle.com/"/>
    <property name="user.timezone" value="Asia/Calcutta"/>
    <property name="java.vm.specification.version" value="1.8"/>
    <property name="os.name" value="Windows 10"/>
    <property name="user.country" value="US"/>
    <property name="sun.java.launcher" value="SUN_STANDARD"/>
    <property name="sun.boot.library.path" value="F:\jdk1.8.0_91\jre\bin"/>
    <property name="sun.java.command" value="C:\Users\sai1113\AppData\Local\Temp\surefire1539181630384465902\surefirebooter4884191829971844102.jar C:\Users\sai1113\AppData\Local\Temp\surefire1539181630384465902 2021-02-01T23-11-54_263-jvmRun1 surefire3716474744497991333tmp surefire_03715990848737875822tmp"/>
    <property name="surefire.test.class.path" value="F:\New_AgencyPortal\AgencyPortal\acic-ap-automation\target\test-classes;F:\New_AgencyPortal\AgencyPortal\acic-ap-automation\target\classes;F:\AgencyPortalCT\.m2\repository\org\seleniumhq\selenium\selenium-java\3.141.59\selenium-java-3.141.59.jar;F:\AgencyPortalCT\.m2\repository\org\seleniumhq\selenium\selenium-chrome-driver\3.141.59\selenium-chrome-driver-3.141.59.jar;F:\AgencyPortalCT\.m2\repository\org\seleniumhq\selenium\selenium-edge-driver\3.141.59\selenium-edge-driver-3.141.59.jar;F:\AgencyPortalCT\.m2\repository\org\seleniumhq\selenium\selenium-firefox-driver\3.141.59\selenium-firefox-driver-3.141.59.jar;F:\AgencyPortalCT\.m2\repository\org\seleniumhq\selenium\selenium-ie-driver\3.141.59\selenium-ie-driver-3.141.59.jar;F:\AgencyPortalCT\.m2\repository\org\seleniumhq\selenium\selenium-opera-driver\3.141.59\selenium-opera-driver-3.141.59.jar;F:\AgencyPortalCT\.m2\repository\org\seleniumhq\selenium\selenium-remote-driver\3.141.59\selenium-remote-driver-3.141.59.jar;F:\AgencyPortalCT\.m2\repository\org\seleniumhq\selenium\selenium-safari-driver\3.141.59\selenium-safari-driver-3.141.59.jar;F:\AgencyPortalCT\.m2\repository\net\bytebuddy\byte-buddy\1.8.15\byte-buddy-1.8.15.jar;F:\AgencyPortalCT\.m2\repository\org\apache\commons\commons-exec\1.3\commons-exec-1.3.jar;F:\AgencyPortalCT\.m2\repository\com\google\guava\guava\25.0-jre\guava-25.0-jre.jar;F:\AgencyPortalCT\.m2\repository\com\google\code\findbugs\jsr305\1.3.9\jsr305-1.3.9.jar;F:\AgencyPortalCT\.m2\repository\org\checkerframework\checker-compat-qual\2.0.0\checker-compat-qual-2.0.0.jar;F:\AgencyPortalCT\.m2\repository\com\google\errorprone\error_prone_annotations\2.1.3\error_prone_annotations-2.1.3.jar;F:\AgencyPortalCT\.m2\repository\com\google\j2objc\j2objc-annotations\1.1\j2objc-annotations-1.1.jar;F:\AgencyPortalCT\.m2\repository\org\codehaus\mojo\animal-sniffer-annotations\1.14\animal-sniffer-annotations-1.14.jar;F:\AgencyPortalCT\.m2\repository\com\squareup\okhttp3\okhttp\3.11.0\okhttp-3.11.0.jar;F:\AgencyPortalCT\.m2\repository\com\squareup\okio\okio\1.14.0\okio-1.14.0.jar;F:\AgencyPortalCT\.m2\repository\org\seleniumhq\selenium\selenium-api\3.141.59\selenium-api-3.141.59.jar;F:\AgencyPortalCT\.m2\repository\org\seleniumhq\selenium\selenium-server\3.141.59\selenium-server-3.141.59.jar;F:\AgencyPortalCT\.m2\repository\com\beust\jcommander\1.72\jcommander-1.72.jar;F:\AgencyPortalCT\.m2\repository\net\jcip\jcip-annotations\1.0\jcip-annotations-1.0.jar;F:\AgencyPortalCT\.m2\repository\org\seleniumhq\selenium\jetty-repacked\9.4.12.v20180830\jetty-repacked-9.4.12.v20180830.jar;F:\AgencyPortalCT\.m2\repository\javax\servlet\javax.servlet-api\3.1.0\javax.servlet-api-3.1.0.jar;F:\AgencyPortalCT\.m2\repository\org\yaml\snakeyaml\1.19\snakeyaml-1.19.jar;F:\AgencyPortalCT\.m2\repository\org\seleniumhq\selenium\selenium-support\3.141.59\selenium-support-3.141.59.jar;F:\AgencyPortalCT\.m2\repository\io\cucumber\cucumber-java\6.9.0\cucumber-java-6.9.0.jar;F:\AgencyPortalCT\.m2\repository\org\apiguardian\apiguardian-api\1.1.0\apiguardian-api-1.1.0.jar;F:\AgencyPortalCT\.m2\repository\io\cucumber\cucumber-java8\6.9.0\cucumber-java8-6.9.0.jar;F:\AgencyPortalCT\.m2\repository\net\jodah\typetools\0.6.2\typetools-0.6.2.jar;F:\AgencyPortalCT\.m2\repository\io\cucumber\cucumber-junit\6.9.0\cucumber-junit-6.9.0.jar;F:\AgencyPortalCT\.m2\repository\io\cucumber\cucumber-core\6.9.0\cucumber-core-6.9.0.jar;F:\AgencyPortalCT\.m2\repository\io\cucumber\cucumber-gherkin\6.9.0\cucumber-gherkin-6.9.0.jar;F:\AgencyPortalCT\.m2\repository\io\cucumber\cucumber-gherkin-messages\6.9.0\cucumber-gherkin-messages-6.9.0.jar;F:\AgencyPortalCT\.m2\repository\io\cucumber\messages\13.2.0\messages-13.2.0.jar;F:\AgencyPortalCT\.m2\repository\io\cucumber\tag-expressions\3.0.0\tag-expressions-3.0.0.jar;F:\AgencyPortalCT\.m2\repository\io\cucumber\cucumber-expressions\10.3.0\cucumber-expressions-10.3.0.jar;F:\AgencyPortalCT\.m2\repository\io\cucumber\datatable\3.5.0\datatable-3.5.0.jar;F:\AgencyPortalCT\.m2\repository\io\cucumber\cucumber-plugin\6.9.0\cucumber-plugin-6.9.0.jar;F:\AgencyPortalCT\.m2\repository\io\cucumber\docstring\6.9.0\docstring-6.9.0.jar;F:\AgencyPortalCT\.m2\repository\io\cucumber\html-formatter\9.0.0\html-formatter-9.0.0.jar;F:\AgencyPortalCT\.m2\repository\io\cucumber\create-meta\2.0.4\create-meta-2.0.4.jar;F:\AgencyPortalCT\.m2\repository\io\cucumber\gherkin\15.0.2\gherkin-15.0.2.jar;F:\AgencyPortalCT\.m2\repository\io\cucumber\cucumber-picocontainer\6.9.0\cucumber-picocontainer-6.9.0.jar;F:\AgencyPortalCT\.m2\repository\org\picocontainer\picocontainer\2.15\picocontainer-2.15.jar;F:\AgencyPortalCT\.m2\repository\com\vimalselvam\cucumber-extentsreport\3.1.1\cucumber-extentsreport-3.1.1.jar;F:\AgencyPortalCT\.m2\repository\com\aventstack\extentreports\3.0.0\extentreports-3.0.0.jar;F:\AgencyPortalCT\.m2\repository\org\freemarker\freemarker\2.3.23\freemarker-2.3.23.jar;F:\AgencyPortalCT\.m2\repository\org\mongodb\mongodb-driver\3.3.0\mongodb-driver-3.3.0.jar;F:\AgencyPortalCT\.m2\repository\org\mongodb\bson\3.3.0\bson-3.3.0.jar;F:\AgencyPortalCT\.m2\repository\org\mongodb\mongodb-driver-core\3.3.0\mongodb-driver-core-3.3.0.jar;F:\AgencyPortalCT\.m2\repository\org\apache\httpcomponents\httpclient\4.5.2\httpclient-4.5.2.jar;F:\AgencyPortalCT\.m2\repository\org\apache\httpcomponents\httpcore\4.4.4\httpcore-4.4.4.jar;F:\AgencyPortalCT\.m2\repository\org\apache\httpcomponents\httpmime\4.5.2\httpmime-4.5.2.jar;F:\AgencyPortalCT\.m2\repository\junit\junit\4.13.1\junit-4.13.1.jar;F:\AgencyPortalCT\.m2\repository\org\hamcrest\hamcrest-core\1.3\hamcrest-core-1.3.jar;F:\AgencyPortalCT\.m2\repository\org\apache\logging\log4j\log4j-core\2.11.1\log4j-core-2.11.1.jar;F:\AgencyPortalCT\.m2\repository\org\apache\logging\log4j\log4j-api\2.11.1\log4j-api-2.11.1.jar;F:\AgencyPortalCT\.m2\repository\log4j\log4j\1.2.17\log4j-1.2.17.jar;F:\AgencyPortalCT\.m2\repository\org\apache\poi\poi\4.1.2\poi-4.1.2.jar;F:\AgencyPortalCT\.m2\repository\commons-codec\commons-codec\1.13\commons-codec-1.13.jar;F:\AgencyPortalCT\.m2\repository\org\apache\commons\commons-collections4\4.4\commons-collections4-4.4.jar;F:\AgencyPortalCT\.m2\repository\org\apache\commons\commons-math3\3.6.1\commons-math3-3.6.1.jar;F:\AgencyPortalCT\.m2\repository\com\zaxxer\SparseBitSet\1.2\SparseBitSet-1.2.jar;F:\AgencyPortalCT\.m2\repository\org\apache\poi\poi-ooxml\4.1.2\poi-ooxml-4.1.2.jar;F:\AgencyPortalCT\.m2\repository\org\apache\commons\commons-compress\1.19\commons-compress-1.19.jar;F:\AgencyPortalCT\.m2\repository\com\github\virtuald\curvesapi\1.06\curvesapi-1.06.jar;F:\AgencyPortalCT\.m2\repository\org\apache\poi\poi-ooxml-schemas\4.1.2\poi-ooxml-schemas-4.1.2.jar;F:\AgencyPortalCT\.m2\repository\org\apache\xmlbeans\xmlbeans\3.1.0\xmlbeans-3.1.0.jar;F:\AgencyPortalCT\.m2\repository\com\relevantcodes\extentreports\2.41.2\extentreports-2.41.2.jar;F:\AgencyPortalCT\.m2\repository\org\jsoup\jsoup\1.8.3\jsoup-1.8.3.jar;F:\AgencyPortalCT\.m2\repository\org\xerial\sqlite-jdbc\3.8.11.1\sqlite-jdbc-3.8.11.1.jar;F:\AgencyPortalCT\.m2\repository\org\apache\pdfbox\pdfbox\2.0.15\pdfbox-2.0.15.jar;F:\AgencyPortalCT\.m2\repository\org\apache\pdfbox\fontbox\2.0.15\fontbox-2.0.15.jar;F:\AgencyPortalCT\.m2\repository\commons-logging\commons-logging\1.2\commons-logging-1.2.jar;F:\AgencyPortalCT\.m2\repository\commons-io\commons-io\2.8.0\commons-io-2.8.0.jar;"/>
    <property name="sun.cpu.endian" value="little"/>
    <property name="user.home" value="C:\Users\sai1113"/>
    <property name="user.language" value="en"/>
    <property name="java.specification.vendor" value="Oracle Corporation"/>
    <property name="java.home" value="F:\jdk1.8.0_91\jre"/>
    <property name="basedir" value="F:\New_AgencyPortal\AgencyPortal\acic-ap-automation"/>
    <property name="file.separator" value="\"/>
    <property name="line.separator" value="&#10;"/>
    <property name="java.vm.specification.vendor" value="Oracle Corporation"/>
    <property name="java.specification.name" value="Java Platform API Specification"/>
    <property name="java.awt.graphicsenv" value="sun.awt.Win32GraphicsEnvironment"/>
    <property name="surefire.real.class.path" value="C:\Users\sai1113\AppData\Local\Temp\surefire1539181630384465902\surefirebooter4884191829971844102.jar"/>
    <property name="sun.boot.class.path" value="F:\jdk1.8.0_91\jre\lib\resources.jar;F:\jdk1.8.0_91\jre\lib\rt.jar;F:\jdk1.8.0_91\jre\lib\sunrsasign.jar;F:\jdk1.8.0_91\jre\lib\jsse.jar;F:\jdk1.8.0_91\jre\lib\jce.jar;F:\jdk1.8.0_91\jre\lib\charsets.jar;F:\jdk1.8.0_91\jre\lib\jfr.jar;F:\jdk1.8.0_91\jre\classes"/>
    <property name="user.script" value=""/>
    <property name="sun.management.compiler" value="HotSpot 64-Bit Tiered Compilers"/>
    <property name="java.runtime.version" value="1.8.0_91-b15"/>
    <property name="user.name" value="sai1113"/>
    <property name="path.separator" value=";"/>
    <property name="os.version" value="10.0"/>
    <property name="java.endorsed.dirs" value="F:\jdk1.8.0_91\jre\lib\endorsed"/>
    <property name="java.runtime.name" value="Java(TM) SE Runtime Environment"/>
    <property name="file.encoding" value="Cp1252"/>
    <property name="java.vm.name" value="Java HotSpot(TM) 64-Bit Server VM"/>
    <property name="localRepository" value="F:\AgencyPortalCT\.m2\repository"/>
    <property name="java.vendor.url.bug" value="http://bugreport.sun.com/bugreport/"/>
    <property name="java.io.tmpdir" value="C:\Users\sai1113\AppData\Local\Temp\"/>
    <property name="java.version" value="1.8.0_91"/>
    <property name="user.dir" value="F:\New_AgencyPortal\AgencyPortal\acic-ap-automation"/>
    <property name="os.arch" value="amd64"/>
    <property name="java.vm.specification.name" value="Java Virtual Machine Specification"/>
    <property name="java.awt.printerjob" value="sun.awt.windows.WPrinterJob"/>
    <property name="sun.os.patch.level" value=""/>
    <property name="java.library.path" value="F:\jdk1.8.0_91\jre\bin;C:\WINDOWS\Sun\Java\bin;C:\WINDOWS\system32;C:\WINDOWS;C:/Program Files/Java/jre1.8.0_92/bin/server;C:/Program Files/Java/jre1.8.0_92/bin;C:/Program Files/Java/jre1.8.0_92/lib/amd64;C:\Program Files (x86)\Python38-32\Scripts\;C:\Program Files (x86)\Python38-32\;C:\Program Files\PlasticSCM5\client;C:\Program Files (x86)\IBM\EHLLAPI\;C:\Oracle2\product\12.2.0\client_1\bin;C:\ProgramData\Oracle\Java\javapath;C:\Oracle2\product\12.1.0\client_1\BIN;C:\Windows\System32;c:\Windows\System32\wbem;C:\nodejs\;C:\npm;C:\Program Files\Java\jre1.8.0_92\bin;C:\Program Files\Java\jdk1.8.0_92\bin;C:\Program Files\Java\jdk1.8.0_92_dcevm\bin;C:\Program Files (x86)\WinMerge;C:\Program Files (x86)\ShowCase\9\bin;C:\Program Files (x86)\ShowCase\9\JRE\jre\bin;C:\Program Files (x86)\ShowCase\9\JRE\jre\bin\j9vm;C:\Program Files\Cloud Foundry;C:\Program Files (x86)\IBM\Trace Facility;C:\Program Files\IBM\Personal Communications\;C:\WINDOWS\system32;C:\WINDOWS;C:\WINDOWS\System32\Wbem;C:\WINDOWS\System32\WindowsPowerShell\v1.0\;C:\WINDOWS\System32\OpenSSH\;C:\Program Files (x86)\IBM\Client Access\Shared;C:\Program Files (x86)\IBM\Client Access\;C:\Program Files\IBM\Trace Facility;C:\Program Files (x86)\Micro Focus\Unified Functional Testing\bin;C:\Program Files\Citrix\System32\;C:\Program Files\Citrix\ICAService\;C:\MongoDB\bin;C:\npm aws;C:\npm\node_modules\@angular\cli\bin;C:\Program Files\Git\cmd;C:\Users\sai1113\AppData\Local\Microsoft\WindowsApps;;F:\SpringSource\sts-3.9.5.RELEASE;;."/>
    <property name="java.vm.info" value="mixed mode"/>
    <property name="java.vendor" value="Oracle Corporation"/>
    <property name="java.vm.version" value="25.91-b15"/>
    <property name="java.ext.dirs" value="F:\jdk1.8.0_91\jre\lib\ext;C:\WINDOWS\Sun\Java\lib\ext"/>
    <property name="sun.io.unicode.encoding" value="UnicodeLittle"/>
    <property name="java.class.version" value="52.0"/>
  </properties>
  <testcase name="testApp" classname="CT.AgencyPortal.AppTest" time="0.009"/>
</testsuite>